<?xml version="1.0" encoding="utf-8"?><testsuites name="pytest tests"><testsuite name="pytest" errors="0" failures="0" skipped="0" tests="7" time="2.331" timestamp="2025-12-31T15:52:29.469316+00:00" hostname="agent-env-c70b55a9-6d94-45d3-a676-eb64811642ed"><testcase classname="tests.test_checkin_api.TestAdminAuth" name="test_admin_login_success" time="0.294" /><testcase classname="tests.test_checkin_api.TestAdminCheckins" name="test_get_admin_checkins" time="0.306" /><testcase classname="tests.test_checkin_api.TestAdminCheckins" name="test_update_guest_data" time="0.383" /><testcase classname="tests.test_checkin_api.TestAdminCheckins" name="test_update_guest_data_invalid_checkin" time="0.300" /><testcase classname="tests.test_checkin_api.TestAdminCheckins" name="test_export_questura_no_filters" time="0.303" /><testcase classname="tests.test_checkin_api.TestAdminCheckins" name="test_export_questura_with_date_filters" time="0.301" /><testcase classname="tests.test_checkin_api.TestCheckinStatusUpdate" name="test_update_checkin_status" time="0.334" /></testsuite></testsuites>