<?xml version="1.0" encoding="utf-8"?><testsuites name="pytest tests"><testsuite name="pytest" errors="0" failures="0" skipped="0" tests="13" time="3.842" timestamp="2025-12-31T18:03:08.227801+00:00" hostname="agent-env-80eea220-9be7-48ea-856f-878c246a0888"><testcase classname="tests.test_admin_checkins.TestAdminAuth" name="test_admin_login_success" time="0.276" /><testcase classname="tests.test_admin_checkins.TestAdminAuth" name="test_admin_login_invalid_credentials" time="0.036" /><testcase classname="tests.test_admin_checkins.TestAdminCheckins" name="test_get_all_checkins" time="0.301" /><testcase classname="tests.test_admin_checkins.TestAdminCheckins" name="test_get_checkins_unauthorized" time="0.330" /><testcase classname="tests.test_admin_checkins.TestAdminCheckins" name="test_update_guest_data" time="0.377" /><testcase classname="tests.test_admin_checkins.TestAdminCheckins" name="test_update_guest_data_not_found" time="0.342" /><testcase classname="tests.test_admin_checkins.TestAdminCheckins" name="test_update_guest_data_empty_payload" time="0.332" /><testcase classname="tests.test_admin_checkins.TestExportQuestura" name="test_export_questura_no_filters" time="0.294" /><testcase classname="tests.test_admin_checkins.TestExportQuestura" name="test_export_questura_with_date_filters" time="0.334" /><testcase classname="tests.test_admin_checkins.TestExportQuestura" name="test_export_questura_unauthorized" time="0.292" /><testcase classname="tests.test_admin_checkins.TestMediaUpload" name="test_upload_media_endpoint_exists" time="0.289" /><testcase classname="tests.test_admin_checkins.TestMediaUpload" name="test_upload_media_unauthorized" time="0.290" /><testcase classname="tests.test_admin_checkins.TestMediaUpload" name="test_get_media_list" time="0.292" /></testsuite></testsuites>